<?xml version="1.0" encoding="UTF-8"?>
<!-- Generated by org.testng.reporters.JUnitReportReporter -->
<testsuite hostname="shad-Inspiron-5579" name="Qantily.Registrationclient" tests="41" failures="1" timestamp="17 Sep 2021 10:00:09 GMT" time="167.260" errors="1">
  <testcase name="enter_name_fields" time="3.083" classname="Qantily.Registrationclient"/>
  <testcase name="register" time="4.188" classname="Qantily.Registrationclient"/>
  <testcase name="checkbox_string2" time="4.030" classname="Qantily.Registrationclient"/>
  <testcase name="Verify_phone_number_field_with_more_than_10_digits" time="5.117" classname="Qantily.Registrationclient">
    <failure type="org.openqa.selenium.WebDriverException" message="element click intercepted: Element &lt;button type=&quot;submit&quot;&gt;...&lt;/button&gt; is not clickable at point (1204, 735). Other element would receive the click: &lt;div class=&quot;app-alerts&quot;&gt;...&lt;/div&gt;
  (Session info: chrome=88.0.4324.182)
  (Driver info: chromedriver=88.0.4324.27 (6347fe8bf1e48bd0c54d07dc55ca011cf40861c9-refs/branch-heads/4324@{#450}),platform=Linux 5.11.0-27-generic x86_64) (WARNING: The server did not provide any stacktrace information)
Command duration or timeout: 1.04 seconds
Build info: version: &#039;2.45.0&#039;, revision: &#039;5017cb8&#039;, time: &#039;2015-02-26 23:59:50&#039;
System info: host: &#039;shad-Inspiron-5579&#039;, ip: &#039;127.0.1.1&#039;, os.name: &#039;Linux&#039;, os.arch: &#039;amd64&#039;, os.version: &#039;5.11.0-27-generic&#039;, java.version: &#039;1.8.0_292&#039;
Driver info: org.openqa.selenium.chrome.ChromeDriver
Capabilities [{mobileEmulationEnabled=false, timeouts={implicit=0, pageLoad=300000, script=30000}, hasTouchScreen=false, platform=LINUX, acceptSslCerts=false, goog:chromeOptions={debuggerAddress=localhost:44931}, acceptInsecureCerts=false, webStorageEnabled=true, browserName=chrome, takesScreenshot=true, javascriptEnabled=true, setWindowRect=true, webauthn:extension:largeBlob=true, unexpectedAlertBehaviour=ignore, applicationCacheEnabled=false, rotatable=false, networkConnectionEnabled=false, chrome={chromedriverVersion=88.0.4324.27 (6347fe8bf1e48bd0c54d07dc55ca011cf40861c9-refs/branch-heads/4324@{#450}), userDataDir=/tmp/.com.google.Chrome.Fi1I9X}, takesHeapSnapshot=true, pageLoadStrategy=normal, strictFileInteractability=false, databaseEnabled=false, handlesAlerts=true, version=88.0.4324.182, browserConnectionEnabled=false, proxy={}, nativeEvents=true, locationContextEnabled=true, cssSelectorsEnabled=true, webauthn:virtualAuthenticators=true}]
Session ID: e39adeae07815230284dc374be5ea6fe">
      <![CDATA[org.openqa.selenium.WebDriverException: element click intercepted: Element <button type="submit">...</button> is not clickable at point (1204, 735). Other element would receive the click: <div class="app-alerts">...</div>
  (Session info: chrome=88.0.4324.182)
  (Driver info: chromedriver=88.0.4324.27 (6347fe8bf1e48bd0c54d07dc55ca011cf40861c9-refs/branch-heads/4324@{#450}),platform=Linux 5.11.0-27-generic x86_64) (WARNING: The server did not provide any stacktrace information)
Command duration or timeout: 1.04 seconds
Build info: version: '2.45.0', revision: '5017cb8', time: '2015-02-26 23:59:50'
System info: host: 'shad-Inspiron-5579', ip: '127.0.1.1', os.name: 'Linux', os.arch: 'amd64', os.version: '5.11.0-27-generic', java.version: '1.8.0_292'
Driver info: org.openqa.selenium.chrome.ChromeDriver
Capabilities [{mobileEmulationEnabled=false, timeouts={implicit=0, pageLoad=300000, script=30000}, hasTouchScreen=false, platform=LINUX, acceptSslCerts=false, goog:chromeOptions={debuggerAddress=localhost:44931}, acceptInsecureCerts=false, webStorageEnabled=true, browserName=chrome, takesScreenshot=true, javascriptEnabled=true, setWindowRect=true, webauthn:extension:largeBlob=true, unexpectedAlertBehaviour=ignore, applicationCacheEnabled=false, rotatable=false, networkConnectionEnabled=false, chrome={chromedriverVersion=88.0.4324.27 (6347fe8bf1e48bd0c54d07dc55ca011cf40861c9-refs/branch-heads/4324@{#450}), userDataDir=/tmp/.com.google.Chrome.Fi1I9X}, takesHeapSnapshot=true, pageLoadStrategy=normal, strictFileInteractability=false, databaseEnabled=false, handlesAlerts=true, version=88.0.4324.182, browserConnectionEnabled=false, proxy={}, nativeEvents=true, locationContextEnabled=true, cssSelectorsEnabled=true, webauthn:virtualAuthenticators=true}]
Session ID: e39adeae07815230284dc374be5ea6fe
	at sun.reflect.NativeConstructorAccessorImpl.newInstance0(Native Method)
	at sun.reflect.NativeConstructorAccessorImpl.newInstance(NativeConstructorAccessorImpl.java:62)
	at sun.reflect.DelegatingConstructorAccessorImpl.newInstance(DelegatingConstructorAccessorImpl.java:45)
	at java.lang.reflect.Constructor.newInstance(Constructor.java:423)
	at org.openqa.selenium.remote.ErrorHandler.createThrowable(ErrorHandler.java:204)
	at org.openqa.selenium.remote.ErrorHandler.throwIfResponseFailed(ErrorHandler.java:156)
	at org.openqa.selenium.remote.RemoteWebDriver.execute(RemoteWebDriver.java:599)
	at org.openqa.selenium.remote.RemoteWebElement.execute(RemoteWebElement.java:268)
	at org.openqa.selenium.remote.RemoteWebElement.click(RemoteWebElement.java:79)
	at Qantily.Registrationclient.Verify_phone_number_field_with_more_than_10_digits(Registrationclient.java:434)
	at sun.reflect.NativeMethodAccessorImpl.invoke0(Native Method)
	at sun.reflect.NativeMethodAccessorImpl.invoke(NativeMethodAccessorImpl.java:62)
	at sun.reflect.DelegatingMethodAccessorImpl.invoke(DelegatingMethodAccessorImpl.java:43)
	at java.lang.reflect.Method.invoke(Method.java:498)
	at org.testng.internal.MethodInvocationHelper.invokeMethod(MethodInvocationHelper.java:84)
	at org.testng.internal.Invoker.invokeMethod(Invoker.java:714)
	at org.testng.internal.Invoker.invokeTestMethod(Invoker.java:901)
	at org.testng.internal.Invoker.invokeTestMethods(Invoker.java:1231)
	at org.testng.internal.TestMethodWorker.invokeTestMethods(TestMethodWorker.java:127)
	at org.testng.internal.TestMethodWorker.run(TestMethodWorker.java:111)
	at org.testng.TestRunner.privateRun(TestRunner.java:767)
	at org.testng.TestRunner.run(TestRunner.java:617)
	at org.testng.SuiteRunner.runTest(SuiteRunner.java:334)
	at org.testng.SuiteRunner.runSequentially(SuiteRunner.java:329)
	at org.testng.SuiteRunner.privateRun(SuiteRunner.java:291)
	at org.testng.SuiteRunner.run(SuiteRunner.java:240)
	at org.testng.SuiteRunnerWorker.runSuite(SuiteRunnerWorker.java:52)
	at org.testng.SuiteRunnerWorker.run(SuiteRunnerWorker.java:86)
	at org.testng.TestNG.runSuitesSequentially(TestNG.java:1224)
	at org.testng.TestNG.runSuitesLocally(TestNG.java:1149)
	at org.testng.TestNG.run(TestNG.java:1057)
	at org.testng.remote.AbstractRemoteTestNG.run(AbstractRemoteTestNG.java:115)
	at org.testng.remote.RemoteTestNG.initAndRun(RemoteTestNG.java:251)
	at org.testng.remote.RemoteTestNG.main(RemoteTestNG.java:77)
]]>
    </failure>
  </testcase> <!-- Verify_phone_number_field_with_more_than_10_digits -->
  <testcase name="verify_with_invalid_repeat_password" time="6.224" classname="Qantily.Registrationclient"/>
  <testcase name="checkbox_string1" time="4.028" classname="Qantily.Registrationclient"/>
  <testcase name="verify_phone_field" time="2.025" classname="Qantily.Registrationclient"/>
  <testcase name="verify_with_valid_position" time="6.164" classname="Qantily.Registrationclient"/>
  <testcase name="verify_with_valid_email_address" time="6.111" classname="Qantily.Registrationclient"/>
  <testcase name="social_logins" time="3.034" classname="Qantily.Registrationclient"/>
  <testcase name="enter_Website_URL" time="3.180" classname="Qantily.Registrationclient"/>
  <testcase name="verify_repeat_field" time="2.067" classname="Qantily.Registrationclient"/>
  <testcase name="enter_employees_value" time="3.075" classname="Qantily.Registrationclient"/>
  <testcase name="verify_specified_fields" time="2.032" classname="Qantily.Registrationclient"/>
  <testcase name="Verify_phone_number_field_with_less_than_10_digits" time="6.234" classname="Qantily.Registrationclient"/>
  <testcase name="verify_Website_URL_field" time="2.021" classname="Qantily.Registrationclient"/>
  <testcase name="first_checkbox_enabled" time="0.072" classname="Qantily.Registrationclient"/>
  <testcase name="verify_email_address_field" time="2.032" classname="Qantily.Registrationclient"/>
  <testcase name="validation_on_numeric_field_phone_number_by_entering_alphabets_and_special_characters" time="6.298" classname="Qantily.Registrationclient"/>
  <testcase name="verify_name_fields" time="2.028" classname="Qantily.Registrationclient"/>
  <testcase name="third_checkbox_enabled" time="0.081" classname="Qantily.Registrationclient"/>
  <testcase name="verify_Headquarters_fields" time="2.021" classname="Qantily.Registrationclient"/>
  <testcase name="click_start_testing_now" time="4.129" classname="Qantily.Registrationclient"/>
  <testcase name="verify_with_valid_repeat_password" time="8.147" classname="Qantily.Registrationclient"/>
  <testcase name="verify_with_valid_phone_number" time="8.195" classname="Qantily.Registrationclient"/>
  <testcase name="linkedin_social_logins_on_location" time="3.027" classname="Qantily.Registrationclient"/>
  <testcase name="select_Headquarters" time="3.087" classname="Qantily.Registrationclient"/>
  <testcase name="google_social_logins_on_details" time="3.034" classname="Qantily.Registrationclient"/>
  <testcase name="Verify_phone_number_field_with_10_zeros" time="7.146" classname="Qantily.Registrationclient"/>
  <testcase name="Verify_phone_number_field_with_minus_values" time="6.209" classname="Qantily.Registrationclient">
    <error type="junit.framework.ComparisonFailure" message="expected:&lt;Enter a valid [phone number]&gt; but was:&lt;Enter a valid [Position]&gt;">
      <![CDATA[junit.framework.ComparisonFailure: expected:<Enter a valid [phone number]> but was:<Enter a valid [Position]>
	at junit.framework.Assert.assertEquals(Assert.java:100)
	at junit.framework.Assert.assertEquals(Assert.java:107)
	at Qantily.Registrationclient.Verify_phone_number_field_with_minus_values(Registrationclient.java:485)
	at sun.reflect.NativeMethodAccessorImpl.invoke0(Native Method)
	at sun.reflect.NativeMethodAccessorImpl.invoke(NativeMethodAccessorImpl.java:62)
	at sun.reflect.DelegatingMethodAccessorImpl.invoke(DelegatingMethodAccessorImpl.java:43)
	at java.lang.reflect.Method.invoke(Method.java:498)
	at org.testng.internal.MethodInvocationHelper.invokeMethod(MethodInvocationHelper.java:84)
	at org.testng.internal.Invoker.invokeMethod(Invoker.java:714)
	at org.testng.internal.Invoker.invokeTestMethod(Invoker.java:901)
	at org.testng.internal.Invoker.invokeTestMethods(Invoker.java:1231)
	at org.testng.internal.TestMethodWorker.invokeTestMethods(TestMethodWorker.java:127)
	at org.testng.internal.TestMethodWorker.run(TestMethodWorker.java:111)
	at org.testng.TestRunner.privateRun(TestRunner.java:767)
	at org.testng.TestRunner.run(TestRunner.java:617)
	at org.testng.SuiteRunner.runTest(SuiteRunner.java:334)
	at org.testng.SuiteRunner.runSequentially(SuiteRunner.java:329)
	at org.testng.SuiteRunner.privateRun(SuiteRunner.java:291)
	at org.testng.SuiteRunner.run(SuiteRunner.java:240)
	at org.testng.SuiteRunnerWorker.runSuite(SuiteRunnerWorker.java:52)
	at org.testng.SuiteRunnerWorker.run(SuiteRunnerWorker.java:86)
	at org.testng.TestNG.runSuitesSequentially(TestNG.java:1224)
	at org.testng.TestNG.runSuitesLocally(TestNG.java:1149)
	at org.testng.TestNG.run(TestNG.java:1057)
	at org.testng.remote.AbstractRemoteTestNG.run(AbstractRemoteTestNG.java:115)
	at org.testng.remote.RemoteTestNG.initAndRun(RemoteTestNG.java:251)
	at org.testng.remote.RemoteTestNG.main(RemoteTestNG.java:77)
]]>
    </error>
  </testcase> <!-- Verify_phone_number_field_with_minus_values -->
  <testcase name="verify_with_valid_password" time="6.222" classname="Qantily.Registrationclient"/>
  <testcase name="google_social_logins_on_location" time="3.026" classname="Qantily.Registrationclient"/>
  <testcase name="email_address_field_without_Sign" time="10.146" classname="Qantily.Registrationclient"/>
  <testcase name="verify_domain_field" time="2.023" classname="Qantily.Registrationclient"/>
  <testcase name="second_checkbox_enabled" time="0.075" classname="Qantily.Registrationclient"/>
  <testcase name="verify_password_field" time="2.072" classname="Qantily.Registrationclient"/>
  <testcase name="email_address_field_without_Sign_domain" time="10.302" classname="Qantily.Registrationclient"/>
  <testcase name="verify_with_blank_position" time="6.192" classname="Qantily.Registrationclient"/>
  <testcase name="checkbox_string3" time="4.026" classname="Qantily.Registrationclient"/>
  <testcase name="linkedin_social_logins_on_details" time="3.033" classname="Qantily.Registrationclient"/>
  <testcase name="verify_Number_of_Employees" time="2.024" classname="Qantily.Registrationclient"/>
</testsuite> <!-- Qantily.Registrationclient -->
